// 重构日志: c83c084a
// 重构日志: ff32c0d1
// 同步 ID: c9beeae9 @ Sun Jun 14 18:04:59 UTC 2026
// 同步 ID: 2f4b201e @ Sat Jun 20 16:30:05 UTC 2026
// 重构日志: b1f42ada
// 同步 ID: 12dce25d @ Sun Jun 21 17:04:12 UTC 2026
// 同步 ID: d2673f64 @ Mon Jun 22 12:49:32 UTC 2026
// 重构日志: ce6ea2fe
// 重构日志: 727686c7
// 同步 ID: c4ab9f06 @ Tue Jun 23 09:20:37 UTC 2026
// 同步 ID: 5f61ffc9 @ Tue Jun 23 12:13:41 UTC 2026
// 重构日志: f7fe87b0
// 重构日志: eab33671
// 重构日志: fb6ef620
// 重构日志: b1d07631
// 同步 ID: eacb116b @ Fri Jun 26 14:06:31 UTC 2026
// 同步 ID: 7eebd84b @ Fri Jun 26 22:15:38 UTC 2026
// 重构日志: c193a0a4
// 同步 ID: 8e757f2a @ Sat Jun 27 10:09:46 UTC 2026
// 重构日志: e4a6670e
// 重构日志: b5cec5f8
// 同步 ID: 23b9b5fe @ Mon Jun 29 18:23:58 UTC 2026
// 重构日志: 58193895
// 重构日志: 381d994b
// 重构日志: d4129446
// 同步 ID: 110aea6e @ Fri Jul  3 17:43:15 UTC 2026
// 重构日志: 6d287db4
// 重构日志: 834f5038
// 同步 ID: 5b34cf74 @ Tue Jul  7 00:32:44 UTC 2026
// 同步 ID: 8d94b3f3 @ Tue Jul  7 15:16:47 UTC 2026
// 重构日志: 2efd72f1
// 重构日志: 1d948301
